<?xml version="1.0" encoding="UTF-8"?>
<!-- Generated by org.testng.reporters.JUnitReportReporter -->
<testsuite hostname="AVRLAP35" failures="0" tests="1" name="testcases.HomeTest" time="11.517" errors="0" timestamp="2022-10-05T16:57:07 IST" skipped="0">
  <testcase classname="testcases.HomeTest" name="Test1" time="11.517"/>
  <system-out/>
</testsuite> <!-- testcases.HomeTest -->
