<?xml version="1.0" encoding="UTF-8"?>
<!-- Generated by org.testng.reporters.JUnitReportReporter -->
<testsuite hostname="AVRLAP35" failures="0" tests="1" name="testcases.SimplilearnLoginTest" time="13.120" errors="0" timestamp="2022-10-07T11:02:20 IST" skipped="0">
  <testcase classname="testcases.SimplilearnLoginTest" name="Test1" time="13.120"/>
  <system-out/>
</testsuite> <!-- testcases.SimplilearnLoginTest -->
