<?xml version="1.0" encoding="UTF-8"?>
<!-- Generated by org.testng.reporters.JUnitReportReporter -->
<testsuite hostname="AVRLAP35" failures="0" tests="3" name="testcases.SimplilearnLoginTest" time="40.753" errors="0" timestamp="2022-10-10T09:21:23 IST" skipped="0">
  <testcase classname="testcases.SimplilearnLoginTest" name="Test2" time="13.328"/>
  <system-out/>
  <testcase classname="testcases.SimplilearnLoginTest" name="Test1" time="15.316"/>
  <system-out/>
  <testcase classname="testcases.SimplilearnLoginTest" name="Test3" time="12.109"/>
  <system-out/>
</testsuite> <!-- testcases.SimplilearnLoginTest -->
