<?xml version="1.0" encoding="UTF-8"?>
<!-- Generated by org.testng.reporters.JUnitReportReporter -->
<testsuite hostname="AVRLAP35" failures="0" tests="1" name="testcases.HomeTest" time="8.210" errors="0" timestamp="2022-09-19T15:44:33 IST" skipped="0">
  <testcase classname="testcases.HomeTest" name="Test1" time="8.210"/>
  <system-out/>
</testsuite> <!-- testcases.HomeTest -->
